<?xml version="1.0" encoding="UTF-8"?>
<robot generator="Robot 6.0.2 (Python 3.7.5 on win32)" generated="20240210 12:08:31.974" rpa="true" schemaversion="3">
<suite id="s1" name="Task" source="C:\Users\PC1\PycharmProjects\Appium\Task.robot">
<test id="s1-t1" name="Android App Automation" line="49">
<kw name="Open Chat21 Applicaiton">
<kw name="Open Application" library="AppiumLibrary">
<arg>http://localhost:4723</arg>
<arg>platformName=Android</arg>
<arg>deviceName=emulator-5554</arg>
<arg>appPackage=chat21.android.demo</arg>
<arg>appActivity=chat21.android.demo.SplashActivity</arg>
<arg>automationName=Uiautomator2</arg>
<doc>Opens a new application to given Appium server.
Capabilities of appium server, Android and iOS,
Please check https://github.com/appium/appium/blob/master/docs/en/writing-running-appium/server-args.md
| *Option*            | *Man.* | *Description*     |
| remote_url          | Yes    | Appium server url |
| alias               | no     | alias             |
| strict_ssl          | No     | allows you to send commands to an invalid certificate host like a self-signed one. |</doc>
<status status="PASS" starttime="20240210 12:08:32.906" endtime="20240210 12:08:45.829"/>
</kw>
<kw name="Run Keyword And Return Status" library="BuiltIn">
<var>${pop_up_status}</var>
<arg>Page Should Contain Element</arg>
<arg>//android.widget.Button[@text='Continue']</arg>
<doc>Runs the given keyword with given arguments and returns the status as a Boolean value.</doc>
<kw name="Page Should Contain Element" library="AppiumLibrary">
<arg>//android.widget.Button[@text='Continue']</arg>
<doc>Verifies that current page contains `locator` element.</doc>
<msg timestamp="20240210 12:08:48.195" level="INFO">Current page contains element '//android.widget.Button[@text='Continue']'.</msg>
<msg timestamp="20240210 12:08:48.195" level="INFO">xpath criteria: //android.widget.Button[@text='Continue']</msg>
<status status="PASS" starttime="20240210 12:08:45.831" endtime="20240210 12:08:48.195"/>
</kw>
<msg timestamp="20240210 12:08:48.195" level="INFO">${pop_up_status} = True</msg>
<status status="PASS" starttime="20240210 12:08:45.830" endtime="20240210 12:08:48.195"/>
</kw>
<kw name="Run Keyword If" library="BuiltIn">
<arg>'${pop_up_status}'=='True'</arg>
<arg>ByePass Android 10 Popups</arg>
<doc>Runs the given keyword with the given arguments, if ``condition`` is true.</doc>
<kw name="ByePass Android 10 Popups">
<kw name="Wait Until Page Contains Element" library="AppiumLibrary">
<arg>//android.widget.Button[@text='Continue']</arg>
<doc>Waits until element specified with `locator` appears on current page.</doc>
<msg timestamp="20240210 12:08:48.338" level="INFO">xpath criteria: //android.widget.Button[@text='Continue']</msg>
<status status="PASS" starttime="20240210 12:08:48.196" endtime="20240210 12:08:48.338"/>
</kw>
<kw name="Click Element" library="AppiumLibrary">
<arg>//android.widget.Button[@text='Continue']</arg>
<doc>Click element identified by `locator`.</doc>
<msg timestamp="20240210 12:08:48.340" level="INFO">Clicking element '//android.widget.Button[@text='Continue']'.</msg>
<msg timestamp="20240210 12:08:48.593" level="INFO">xpath criteria: //android.widget.Button[@text='Continue']</msg>
<status status="PASS" starttime="20240210 12:08:48.338" endtime="20240210 12:08:48.594"/>
</kw>
<kw name="Sleep" library="BuiltIn">
<arg>3s</arg>
<doc>Pauses the test executed for the given time.</doc>
<msg timestamp="20240210 12:08:51.597" level="INFO">Slept 3 seconds</msg>
<status status="PASS" starttime="20240210 12:08:48.594" endtime="20240210 12:08:51.597"/>
</kw>
<kw name="Wait Until Page Contains Element" library="AppiumLibrary">
<arg>//android.widget.Button[@text='OK']</arg>
<doc>Waits until element specified with `locator` appears on current page.</doc>
<msg timestamp="20240210 12:08:56.352" level="INFO">xpath criteria: //android.widget.Button[@text='OK']</msg>
<status status="PASS" starttime="20240210 12:08:51.598" endtime="20240210 12:08:56.352"/>
</kw>
<kw name="Click Element" library="AppiumLibrary">
<arg>//android.widget.Button[@text='OK']</arg>
<doc>Click element identified by `locator`.</doc>
<msg timestamp="20240210 12:08:56.359" level="INFO">Clicking element '//android.widget.Button[@text='OK']'.</msg>
<msg timestamp="20240210 12:08:57.134" level="INFO">xpath criteria: //android.widget.Button[@text='OK']</msg>
<status status="PASS" starttime="20240210 12:08:56.353" endtime="20240210 12:08:57.135"/>
</kw>
<kw name="Log" library="BuiltIn">
<arg>Hi</arg>
<doc>Logs the given message with the given level.</doc>
<msg timestamp="20240210 12:08:57.135" level="INFO">Hi</msg>
<status status="PASS" starttime="20240210 12:08:57.135" endtime="20240210 12:08:57.135"/>
</kw>
<status status="PASS" starttime="20240210 12:08:48.196" endtime="20240210 12:08:57.136"/>
</kw>
<status status="PASS" starttime="20240210 12:08:48.195" endtime="20240210 12:08:57.136"/>
</kw>
<status status="PASS" starttime="20240210 12:08:32.903" endtime="20240210 12:08:57.136"/>
</kw>
<kw name="Shake" library="AppiumLibrary">
<doc>Shake the device</doc>
<kw name="Capture Page Screenshot" library="AppiumLibrary">
<doc>Takes a screenshot of the current page and embeds it into the log.</doc>
<msg timestamp="20240210 12:12:57.560" level="FAIL">WebDriverException: Message: An unknown server-side error occurred while processing the command. Original error: Could not proxy command to the remote server. Original error: timeout of 240000ms exceeded
Stacktrace:
UnknownError: An unknown server-side error occurred while processing the command. Original error: Could not proxy command to the remote server. Original error: timeout of 240000ms exceeded
    at UIA2Proxy.command (C:\Users\PC1\AppData\Roaming\npm\node_modules\appium\node_modules\@appium\base-driver\lib\jsonwp-proxy\proxy.js:355:13)
    at runNextTicks (node:internal/process/task_queues:60:5)
    at listOnTimeout (node:internal/timers:538:9)
    at processTimers (node:internal/timers:512:7)
    at AndroidUiautomator2Driver.getScreenshot (C:\Users\PC1\.appium\node_modules\appium-uiautomator2-driver\lib\commands\screenshot.js:42:5)</msg>
<status status="FAIL" starttime="20240210 12:08:57.433" endtime="20240210 12:12:57.601"/>
</kw>
<msg timestamp="20240210 12:12:57.607" level="WARN">Keyword 'Capture Page Screenshot' could not be run on failure: WebDriverException: Message: An unknown server-side error occurred while processing the command. Original error: Could not proxy command to the remote server. Original error: timeout of 240000ms exceeded
Stacktrace:
UnknownError: An unknown server-side error occurred while processing the command. Original error: Could not proxy command to the remote server. Original error: timeout of 240000ms exceeded
    at UIA2Proxy.command (C:\Users\PC1\AppData\Roaming\npm\node_modules\appium\node_modules\@appium\base-driver\lib\jsonwp-proxy\proxy.js:355:13)
    at runNextTicks (node:internal/process/task_queues:60:5)
    at listOnTimeout (node:internal/timers:538:9)
    at processTimers (node:internal/timers:512:7)
    at AndroidUiautomator2Driver.getScreenshot (C:\Users\PC1\.appium\node_modules\appium-uiautomator2-driver\lib\commands\screenshot.js:42:5)</msg>
<msg timestamp="20240210 12:12:57.623" level="FAIL">UnknownMethodException: Message: Method has not yet been implemented
Stacktrace:
NotYetImplementedError: Method has not yet been implemented
    at AndroidUiautomator2Driver.executeCommand (C:\Users\PC1\AppData\Roaming\npm\node_modules\appium\node_modules\@appium\base-driver\lib\basedriver\driver.ts:100:13)
    at processTicksAndRejections (node:internal/process/task_queues:95:5)
    at defaultBehavior (C:\Users\PC1\AppData\Roaming\npm\node_modules\appium\lib\appium.js:1109:14)
    at AppiumDriver.executeWrappedCommand (C:\Users\PC1\AppData\Roaming\npm\node_modules\appium\lib\appium.js:1215:16)
    at AppiumDriver.executeCommand (C:\Users\PC1\AppData\Roaming\npm\node_modules\appium\lib\appium.js:1121:17)
    at asyncHandler (C:\Users\PC1\AppData\Roaming\npm\node_modules\appium\node_modules\@appium\base-driver\lib\protocol\protocol.js:393:19)</msg>
<status status="FAIL" starttime="20240210 12:08:57.139" endtime="20240210 12:12:57.625"/>
</kw>
<status status="FAIL" starttime="20240210 12:08:32.902" endtime="20240210 12:12:57.626">UnknownMethodException: Message: Method has not yet been implemented
Stacktrace:
NotYetImplementedError: Method has not yet been implemented
    at AndroidUiautomator2Driver.executeCommand (C:\Users\PC1\AppData\Roaming\npm\node_modules\appium\node_modules\@appium\base-driver\lib\basedriver\driver.ts:100:13)
    at processTicksAndRejections (node:internal/process/task_queues:95:5)
    at defaultBehavior (C:\Users\PC1\AppData\Roaming\npm\node_modules\appium\lib\appium.js:1109:14)
    at AppiumDriver.executeWrappedCommand (C:\Users\PC1\AppData\Roaming\npm\node_modules\appium\lib\appium.js:1215:16)
    at AppiumDriver.executeCommand (C:\Users\PC1\AppData\Roaming\npm\node_modules\appium\lib\appium.js:1121:17)
    at asyncHandler (C:\Users\PC1\AppData\Roaming\npm\node_modules\appium\node_modules\@appium\base-driver\lib\protocol\protocol.js:393:19)</status>
</test>
<status status="FAIL" starttime="20240210 12:08:32.039" endtime="20240210 12:12:57.631"/>
</suite>
<statistics>
<total>
<stat pass="0" fail="1" skip="0">All Tasks</stat>
</total>
<tag>
</tag>
<suite>
<stat pass="0" fail="1" skip="0" id="s1" name="Task">Task</stat>
</suite>
</statistics>
<errors>
<msg timestamp="20240210 12:12:57.607" level="WARN">Keyword 'Capture Page Screenshot' could not be run on failure: WebDriverException: Message: An unknown server-side error occurred while processing the command. Original error: Could not proxy command to the remote server. Original error: timeout of 240000ms exceeded
Stacktrace:
UnknownError: An unknown server-side error occurred while processing the command. Original error: Could not proxy command to the remote server. Original error: timeout of 240000ms exceeded
    at UIA2Proxy.command (C:\Users\PC1\AppData\Roaming\npm\node_modules\appium\node_modules\@appium\base-driver\lib\jsonwp-proxy\proxy.js:355:13)
    at runNextTicks (node:internal/process/task_queues:60:5)
    at listOnTimeout (node:internal/timers:538:9)
    at processTimers (node:internal/timers:512:7)
    at AndroidUiautomator2Driver.getScreenshot (C:\Users\PC1\.appium\node_modules\appium-uiautomator2-driver\lib\commands\screenshot.js:42:5)</msg>
</errors>
</robot>
